{"/Users/headofit/development/testing/index.js": {"path":"/Users/headofit/development/testing/index.js","statementMap":{"0":{"start":{"line":2,"column":4},"end":{"line":2,"column":17}},"1":{"start":{"line":6,"column":4},"end":{"line":6,"column":17}},"2":{"start":{"line":9,"column":0},"end":{"line":9,"column":31}}},"fnMap":{"0":{"name":"jumlah","decl":{"start":{"line":1,"column":9},"end":{"line":1,"column":15}},"loc":{"start":{"line":1,"column":22},"end":{"line":3,"column":1}},"line":1},"1":{"name":"kali","decl":{"start":{"line":5,"column":9},"end":{"line":5,"column":13}},"loc":{"start":{"line":5,"column":20},"end":{"line":7,"column":1}},"line":5}},"branchMap":{},"s":{"0":1,"1":1,"2":1},"f":{"0":1,"1":1},"b":{},"_coverageSchema":"1a1c01bbd47fc00a2c39e90264f33305004495a9","hash":"a3c64a38886f7bf3ae923cdfa89ea51f6c97f475"}
,"/Users/headofit/development/testing/todo.js": {"path":"/Users/headofit/development/testing/todo.js","statementMap":{"0":{"start":{"line":3,"column":6},"end":{"line":3,"column":22}},"1":{"start":{"line":7,"column":6},"end":{"line":7,"column":56}},"2":{"start":{"line":7,"column":16},"end":{"line":7,"column":56}},"3":{"start":{"line":8,"column":6},"end":{"line":8,"column":50}},"4":{"start":{"line":12,"column":20},"end":{"line":12,"column":62}},"5":{"start":{"line":12,"column":46},"end":{"line":12,"column":61}},"6":{"start":{"line":13,"column":6},"end":{"line":13,"column":57}},"7":{"start":{"line":13,"column":23},"end":{"line":13,"column":57}},"8":{"start":{"line":14,"column":6},"end":{"line":14,"column":34}},"9":{"start":{"line":18,"column":20},"end":{"line":18,"column":62}},"10":{"start":{"line":18,"column":46},"end":{"line":18,"column":61}},"11":{"start":{"line":19,"column":6},"end":{"line":19,"column":57}},"12":{"start":{"line":19,"column":23},"end":{"line":19,"column":57}},"13":{"start":{"line":20,"column":6},"end":{"line":20,"column":41}},"14":{"start":{"line":24,"column":2},"end":{"line":24,"column":24}}},"fnMap":{"0":{"name":"(anonymous_0)","decl":{"start":{"line":2,"column":4},"end":{"line":2,"column":5}},"loc":{"start":{"line":2,"column":18},"end":{"line":4,"column":5}},"line":2},"1":{"name":"(anonymous_1)","decl":{"start":{"line":6,"column":4},"end":{"line":6,"column":5}},"loc":{"start":{"line":6,"column":18},"end":{"line":9,"column":5}},"line":6},"2":{"name":"(anonymous_2)","decl":{"start":{"line":11,"column":4},"end":{"line":11,"column":5}},"loc":{"start":{"line":11,"column":21},"end":{"line":15,"column":5}},"line":11},"3":{"name":"(anonymous_3)","decl":{"start":{"line":12,"column":41},"end":{"line":12,"column":42}},"loc":{"start":{"line":12,"column":46},"end":{"line":12,"column":61}},"line":12},"4":{"name":"(anonymous_4)","decl":{"start":{"line":17,"column":4},"end":{"line":17,"column":5}},"loc":{"start":{"line":17,"column":26},"end":{"line":21,"column":5}},"line":17},"5":{"name":"(anonymous_5)","decl":{"start":{"line":18,"column":41},"end":{"line":18,"column":42}},"loc":{"start":{"line":18,"column":46},"end":{"line":18,"column":61}},"line":18}},"branchMap":{"0":{"loc":{"start":{"line":7,"column":6},"end":{"line":7,"column":56}},"type":"if","locations":[{"start":{"line":7,"column":6},"end":{"line":7,"column":56}},{"start":{},"end":{}}],"line":7},"1":{"loc":{"start":{"line":13,"column":6},"end":{"line":13,"column":57}},"type":"if","locations":[{"start":{"line":13,"column":6},"end":{"line":13,"column":57}},{"start":{},"end":{}}],"line":13},"2":{"loc":{"start":{"line":19,"column":6},"end":{"line":19,"column":57}},"type":"if","locations":[{"start":{"line":19,"column":6},"end":{"line":19,"column":57}},{"start":{},"end":{}}],"line":19}},"s":{"0":6,"1":4,"2":1,"3":3,"4":2,"5":1,"6":2,"7":1,"8":1,"9":2,"10":1,"11":2,"12":1,"13":1,"14":1},"f":{"0":6,"1":4,"2":2,"3":1,"4":2,"5":1},"b":{"0":[1,3],"1":[1,1],"2":[1,1]},"_coverageSchema":"1a1c01bbd47fc00a2c39e90264f33305004495a9","hash":"2c6e46f751ad62020db8fcd530ea43c5b7ca193c"}
}
